<?xml version="1.0" encoding="UTF-8"?>
<!-- Generated by org.testng.reporters.JUnitXMLReporter -->
<testsuite hostname="Yuvan-HP-New" ignored="0" name="Test" tests="3" failures="0" timestamp="2021-01-24T13:57:41 CET" time="48.329" errors="0">
  <testcase name="verifyLogin" time="4.278" classname="com.guru99.tests.LoginPageTests"/>
  <testcase name="verifyLogin" time="4.655" classname="com.guru99.tests.LoginPageTests"/>
  <testcase name="verifyLogin" time="4.383" classname="com.guru99.tests.LoginPageTests"/>
</testsuite> <!-- Test -->
